<?xml version="1.0" encoding="UTF-8"?>
<testsuites>
  <testsuite name="fastlane.lanes">
    
    
    
      
      <testcase classname="fastlane.lanes" name="0: default_platform" time="0.000272674">
        
      </testcase>
    
      
      <testcase classname="fastlane.lanes" name="1: test" time="3.869911585">
        
          <failure message="/var/lib/gems/2.7.0/gems/fastlane-2.184.0/fastlane/lib/fastlane/actions/actions_helper.rb:67:in `execute_action'&#10;/var/lib/gems/2.7.0/gems/fastlane-2.184.0/fastlane/lib/fastlane/runner.rb:255:in `block in execute_action'&#10;/var/lib/gems/2.7.0/gems/fastlane-2.184.0/fastlane/lib/fastlane/runner.rb:229:in `chdir'&#10;/var/lib/gems/2.7.0/gems/fastlane-2.184.0/fastlane/lib/fastlane/runner.rb:229:in `execute_action'&#10;/var/lib/gems/2.7.0/gems/fastlane-2.184.0/fastlane/lib/fastlane/runner.rb:157:in `trigger_action_by_name'&#10;/var/lib/gems/2.7.0/gems/fastlane-2.184.0/fastlane/lib/fastlane/fast_file.rb:159:in `method_missing'&#10;Fastfile:21:in `block (2 levels) in parsing_binding'&#10;/var/lib/gems/2.7.0/gems/fastlane-2.184.0/fastlane/lib/fastlane/lane.rb:33:in `call'&#10;/var/lib/gems/2.7.0/gems/fastlane-2.184.0/fastlane/lib/fastlane/runner.rb:49:in `block in execute'&#10;/var/lib/gems/2.7.0/gems/fastlane-2.184.0/fastlane/lib/fastlane/runner.rb:45:in `chdir'&#10;/var/lib/gems/2.7.0/gems/fastlane-2.184.0/fastlane/lib/fastlane/runner.rb:45:in `execute'&#10;/var/lib/gems/2.7.0/gems/fastlane-2.184.0/fastlane/lib/fastlane/lane_manager.rb:47:in `cruise_lane'&#10;/var/lib/gems/2.7.0/gems/fastlane-2.184.0/fastlane/lib/fastlane/command_line_handler.rb:36:in `handle'&#10;/var/lib/gems/2.7.0/gems/fastlane-2.184.0/fastlane/lib/fastlane/commands_generator.rb:109:in `block (2 levels) in run'&#10;/var/lib/gems/2.7.0/gems/commander-4.6.0/lib/commander/command.rb:187:in `call'&#10;/var/lib/gems/2.7.0/gems/commander-4.6.0/lib/commander/command.rb:157:in `run'&#10;/var/lib/gems/2.7.0/gems/commander-4.6.0/lib/commander/runner.rb:444:in `run_active_command'&#10;/var/lib/gems/2.7.0/gems/fastlane-2.184.0/fastlane_core/lib/fastlane_core/ui/fastlane_runner.rb:76:in `run!'&#10;/var/lib/gems/2.7.0/gems/commander-4.6.0/lib/commander/delegates.rb:18:in `run!'&#10;/var/lib/gems/2.7.0/gems/fastlane-2.184.0/fastlane/lib/fastlane/commands_generator.rb:353:in `run'&#10;/var/lib/gems/2.7.0/gems/fastlane-2.184.0/fastlane/lib/fastlane/commands_generator.rb:42:in `start'&#10;/var/lib/gems/2.7.0/gems/fastlane-2.184.0/fastlane/lib/fastlane/cli_tools_distributor.rb:122:in `take_off'&#10;/var/lib/gems/2.7.0/gems/fastlane-2.184.0/bin/fastlane:23:in `&lt;top (required)&gt;'&#10;/usr/local/bin/fastlane:23:in `load'&#10;/usr/local/bin/fastlane:23:in `&lt;main&gt;'&#10;&#10;Exit status of command '/home/dnyaneshwar/AndroidStudioProjects/AssignmentIWizards/gradlew test -p .' was 1 instead of 0.&#10;&#10;&gt; Configure project :app&#10;WARNING: BuildType(qa): buildConfigField 'Type' value is being replaced: &quot;I AM A DEBUG&quot; -&gt; &quot;I AM A QA&quot;&#10;WARNING: API 'BaseVariant.getApplicationIdTextResource' is obsolete and has been replaced with 'VariantProperties.applicationId'.&#10;It will be removed in version 5.0 of the Android Gradle plugin.&#10;For more information, see TBD.&#10;To determine what is calling BaseVariant.getApplicationIdTextResource, use -Pandroid.debug.obsoleteApi=true on the command line to display more information.&#10;&#10;&gt; Task :app:preBuild UP-TO-DATE&#10;&gt; Task :app:preDebugBuild UP-TO-DATE&#10;&gt; Task :app:compileDebugAidl NO-SOURCE&#10;&gt; Task :app:compileDebugRenderscript NO-SOURCE&#10;&gt; Task :app:dataBindingMergeDependencyArtifactsDebug UP-TO-DATE&#10;&gt; Task :app:dataBindingMergeGenClassesDebug UP-TO-DATE&#10;&gt; Task :app:generateDebugResValues UP-TO-DATE&#10;&gt; Task :app:generateDebugResources UP-TO-DATE&#10;&gt; Task :app:injectCrashlyticsMappingFileIdDebug UP-TO-DATE&#10;&gt; Task :app:processDebugGoogleServices UP-TO-DATE&#10;&gt; Task :app:mergeDebugResources UP-TO-DATE&#10;&gt; Task :app:dataBindingGenBaseClassesDebug UP-TO-DATE&#10;&gt; Task :app:dataBindingTriggerDebug UP-TO-DATE&#10;&gt; Task :app:generateDebugBuildConfig UP-TO-DATE&#10;&gt; Task :app:writeDebugApplicationId UP-TO-DATE&#10;&gt; Task :app:generateSafeArgsDebug UP-TO-DATE&#10;&gt; Task :app:javaPreCompileDebug UP-TO-DATE&#10;&gt; Task :app:checkDebugAarMetadata UP-TO-DATE&#10;&gt; Task :app:createDebugCompatibleScreenManifests UP-TO-DATE&#10;&gt; Task :app:extractDeepLinksDebug UP-TO-DATE&#10;&gt; Task :app:processDebugMainManifest UP-TO-DATE&#10;&gt; Task :app:processDebugManifest UP-TO-DATE&#10;&gt; Task :app:processDebugManifestForPackage UP-TO-DATE&#10;&gt; Task :app:processDebugResources UP-TO-DATE&#10;&gt; Task :app:compileDebugJavaWithJavac UP-TO-DATE&#10;&gt; Task :app:bundleDebugClasses UP-TO-DATE&#10;&gt; Task :app:preDebugUnitTestBuild UP-TO-DATE&#10;&gt; Task :app:javaPreCompileDebugUnitTest UP-TO-DATE&#10;&gt; Task :app:compileDebugUnitTestJavaWithJavac&#10;&gt; Task :app:processDebugJavaRes NO-SOURCE&#10;&gt; Task :app:processDebugUnitTestJavaRes NO-SOURCE&#10;&gt; Task :app:testDebugUnitTest&#10;&gt; Task :app:preQaBuild UP-TO-DATE&#10;&gt; Task :app:compileQaAidl NO-SOURCE&#10;&gt; Task :app:compileQaRenderscript NO-SOURCE&#10;&gt; Task :app:dataBindingMergeDependencyArtifactsQa UP-TO-DATE&#10;&gt; Task :app:dataBindingMergeGenClassesQa UP-TO-DATE&#10;&gt; Task :app:generateQaResValues UP-TO-DATE&#10;&gt; Task :app:generateQaResources UP-TO-DATE&#10;&gt; Task :app:injectCrashlyticsMappingFileIdQa UP-TO-DATE&#10;&gt; Task :app:processQaGoogleServices UP-TO-DATE&#10;&gt; Task :app:mergeQaResources UP-TO-DATE&#10;&gt; Task :app:dataBindingGenBaseClassesQa UP-TO-DATE&#10;&gt; Task :app:dataBindingTriggerQa UP-TO-DATE&#10;&gt; Task :app:generateQaBuildConfig UP-TO-DATE&#10;&gt; Task :app:writeQaApplicationId UP-TO-DATE&#10;&gt; Task :app:generateSafeArgsQa UP-TO-DATE&#10;&gt; Task :app:javaPreCompileQa UP-TO-DATE&#10;&gt; Task :app:checkQaAarMetadata UP-TO-DATE&#10;&gt; Task :app:createQaCompatibleScreenManifests UP-TO-DATE&#10;&gt; Task :app:extractDeepLinksQa UP-TO-DATE&#10;&gt; Task :app:processQaMainManifest UP-TO-DATE&#10;&gt; Task :app:processQaManifest UP-TO-DATE&#10;&gt; Task :app:processQaManifestForPackage UP-TO-DATE&#10;&gt; Task :app:processQaResources UP-TO-DATE&#10;&gt; Task :app:compileQaJavaWithJavac UP-TO-DATE&#10;&gt; Task :app:bundleQaClasses UP-TO-DATE&#10;&gt; Task :app:preQaUnitTestBuild UP-TO-DATE&#10;&gt; Task :app:javaPreCompileQaUnitTest UP-TO-DATE&#10;&gt; Task :app:compileQaUnitTestJavaWithJavac&#10;&gt; Task :app:processQaJavaRes NO-SOURCE&#10;&gt; Task :app:processQaUnitTestJavaRes NO-SOURCE&#10;&gt; Task :app:testQaUnitTest&#10;&gt; Task :app:preReleaseBuild UP-TO-DATE&#10;&gt; Task :app:compileReleaseAidl NO-SOURCE&#10;&gt; Task :app:compileReleaseRenderscript NO-SOURCE&#10;&gt; Task :app:dataBindingMergeDependencyArtifactsRelease UP-TO-DATE&#10;&gt; Task :app:dataBindingMergeGenClassesRelease UP-TO-DATE&#10;&gt; Task :app:generateReleaseResValues UP-TO-DATE&#10;&gt; Task :app:generateReleaseResources UP-TO-DATE&#10;&gt; Task :app:injectCrashlyticsMappingFileIdRelease UP-TO-DATE&#10;&gt; Task :app:processReleaseGoogleServices FAILED&#10;&#10;FAILURE: Build failed with an exception.&#10;&#10;* What went wrong:&#10;Execution failed for task ':app:processReleaseGoogleServices'.&#10;&gt; File google-services.json is missing. The Google Services Plugin cannot function without it. &#10;   Searched Location: &#10;  /home/dnyaneshwar/AndroidStudioProjects/AssignmentIWizards/app/src/release/google-services.json&#10;  /home/dnyaneshwar/AndroidStudioProjects/AssignmentIWizards/app/src/google-services.json&#10;  /home/dnyaneshwar/AndroidStudioProjects/AssignmentIWizards/app/src/Release/google-services.json&#10;  /home/dnyaneshwar/AndroidStudioProjects/AssignmentIWizards/app/google-services.json&#10;&#10;&#10;* Try:&#10;Run with --stacktrace option to get the stack trace. Run with --info or --debug option to get more log output. Run with --scan to get full insights.&#10;&#10;* Get more help at https://help.gradle.org&#10;&#10;BUILD FAILED in 3s&#10;53 actionable tasks: 5 executed, 48 up-to-date&#10;" />
        
      </testcase>
    
  </testsuite>
</testsuites>
